<?xml version="1.0" encoding="UTF-8"?>
<testng-results skipped="0" failed="0" ignored="0" total="3" passed="3">
  <reporter-output>
  </reporter-output>
  <suite name="Sample test Suite" duration-ms="2657" started-at="2018-05-20T19:48:32Z" finished-at="2018-05-20T19:48:35Z">
    <groups>
    </groups>
    <test name="Sample test" duration-ms="2657" started-at="2018-05-20T19:48:32Z" finished-at="2018-05-20T19:48:35Z">
      <class name="com.fsoft.test.AppTest">
        <test-method status="PASS" signature="initGeneral()[pri:0, instance:com.fsoft.test.AppTest@60addb54]" name="initGeneral" is-config="true" duration-ms="2293" started-at="2018-05-20T19:48:30Z" finished-at="2018-05-20T19:48:32Z">
          <reporter-output>
          </reporter-output>
        </test-method> <!-- initGeneral -->
        <test-method status="PASS" signature="initTest()[pri:0, instance:com.fsoft.test.AppTest@60addb54]" name="initTest" is-config="true" duration-ms="393" started-at="2018-05-20T19:48:32Z" finished-at="2018-05-20T19:48:33Z">
          <reporter-output>
          </reporter-output>
        </test-method> <!-- initTest -->
        <test-method status="PASS" signature="verifyLoginInvalid()[pri:0, instance:com.fsoft.test.AppTest@60addb54]" name="verifyLoginInvalid" duration-ms="304" started-at="2018-05-20T19:48:33Z" finished-at="2018-05-20T19:48:33Z">
          <reporter-output>
          </reporter-output>
        </test-method> <!-- verifyLoginInvalid -->
        <test-method status="PASS" signature="verifyRegisterNewUser()[pri:0, instance:com.fsoft.test.AppTest@60addb54]" name="verifyRegisterNewUser" duration-ms="765" started-at="2018-05-20T19:48:33Z" finished-at="2018-05-20T19:48:34Z">
          <reporter-output>
          </reporter-output>
        </test-method> <!-- verifyRegisterNewUser -->
        <test-method status="PASS" signature="verifyLoginValid()[pri:0, instance:com.fsoft.test.AppTest@60addb54]" name="verifyLoginValid" duration-ms="541" started-at="2018-05-20T19:48:34Z" finished-at="2018-05-20T19:48:34Z">
          <reporter-output>
          </reporter-output>
        </test-method> <!-- verifyLoginValid -->
        <test-method status="PASS" signature="tearDown()[pri:0, instance:com.fsoft.test.AppTest@60addb54]" name="tearDown" is-config="true" duration-ms="643" started-at="2018-05-20T19:48:34Z" finished-at="2018-05-20T19:48:35Z">
          <reporter-output>
          </reporter-output>
        </test-method> <!-- tearDown -->
      </class> <!-- com.fsoft.test.AppTest -->
    </test> <!-- Sample test -->
  </suite> <!-- Sample test Suite -->
</testng-results>
