<?xml version="1.0" encoding="UTF-8"?>
<!-- Generated by org.testng.reporters.JUnitXMLReporter -->
<testsuite hostname="Phoenix" ignored="0" name="Sample test" tests="3" failures="0" timestamp="20 May 2018 19:48:35 GMT" time="2.657" errors="0">
  <testcase name="verifyLoginInvalid" time="0.304" classname="com.fsoft.test.AppTest"/>
  <testcase name="verifyRegisterNewUser" time="0.765" classname="com.fsoft.test.AppTest"/>
  <testcase name="verifyLoginValid" time="0.541" classname="com.fsoft.test.AppTest"/>
</testsuite> <!-- Sample test -->
